{"D:\\apprentissage\\codeline-melvynx\\beginJavascript\\habits-tracker\\backend\\habits.helper.js": {"path":"D:\\apprentissage\\codeline-melvynx\\beginJavascript\\habits-tracker\\backend\\habits.helper.js","all":false,"statementMap":{"0":{"start":{"line":1,"column":0},"end":{"line":1,"column":24}},"1":{"start":{"line":2,"column":0},"end":{"line":2,"column":29}},"2":{"start":{"line":3,"column":0},"end":{"line":3,"column":0}},"3":{"start":{"line":4,"column":0},"end":{"line":4,"column":68}},"4":{"start":{"line":5,"column":0},"end":{"line":5,"column":0}},"5":{"start":{"line":6,"column":0},"end":{"line":6,"column":3}},"6":{"start":{"line":7,"column":0},"end":{"line":7,"column":60}},"7":{"start":{"line":8,"column":0},"end":{"line":8,"column":2}},"8":{"start":{"line":9,"column":0},"end":{"line":9,"column":80}},"9":{"start":{"line":10,"column":0},"end":{"line":10,"column":68}},"10":{"start":{"line":11,"column":0},"end":{"line":11,"column":3}},"11":{"start":{"line":12,"column":0},"end":{"line":12,"column":34}},"12":{"start":{"line":13,"column":0},"end":{"line":13,"column":55}},"13":{"start":{"line":14,"column":0},"end":{"line":14,"column":38}},"14":{"start":{"line":15,"column":0},"end":{"line":15,"column":20}},"15":{"start":{"line":16,"column":0},"end":{"line":16,"column":1}},"16":{"start":{"line":17,"column":0},"end":{"line":17,"column":0}},"17":{"start":{"line":18,"column":0},"end":{"line":18,"column":3}},"18":{"start":{"line":19,"column":0},"end":{"line":19,"column":45}},"19":{"start":{"line":20,"column":0},"end":{"line":20,"column":2}},"20":{"start":{"line":21,"column":0},"end":{"line":21,"column":77}},"21":{"start":{"line":22,"column":0},"end":{"line":22,"column":61}},"22":{"start":{"line":23,"column":0},"end":{"line":23,"column":3}},"23":{"start":{"line":24,"column":0},"end":{"line":24,"column":38}},"24":{"start":{"line":25,"column":0},"end":{"line":25,"column":40}},"25":{"start":{"line":26,"column":0},"end":{"line":26,"column":18}},"26":{"start":{"line":27,"column":0},"end":{"line":27,"column":1}},"27":{"start":{"line":28,"column":0},"end":{"line":28,"column":0}},"28":{"start":{"line":29,"column":0},"end":{"line":29,"column":3}},"29":{"start":{"line":30,"column":0},"end":{"line":30,"column":55}},"30":{"start":{"line":31,"column":0},"end":{"line":31,"column":2}},"31":{"start":{"line":32,"column":0},"end":{"line":32,"column":81}},"32":{"start":{"line":33,"column":0},"end":{"line":33,"column":87}},"33":{"start":{"line":34,"column":0},"end":{"line":34,"column":2}},"34":{"start":{"line":35,"column":0},"end":{"line":35,"column":87}},"35":{"start":{"line":36,"column":0},"end":{"line":36,"column":61}},"36":{"start":{"line":37,"column":0},"end":{"line":37,"column":3}},"37":{"start":{"line":38,"column":0},"end":{"line":38,"column":43}},"38":{"start":{"line":39,"column":0},"end":{"line":39,"column":35}},"39":{"start":{"line":40,"column":0},"end":{"line":40,"column":53}},"40":{"start":{"line":41,"column":0},"end":{"line":41,"column":43}},"41":{"start":{"line":42,"column":0},"end":{"line":42,"column":12}},"42":{"start":{"line":43,"column":0},"end":{"line":43,"column":19}},"43":{"start":{"line":44,"column":0},"end":{"line":44,"column":25}},"44":{"start":{"line":45,"column":0},"end":{"line":45,"column":41}},"45":{"start":{"line":46,"column":0},"end":{"line":46,"column":5}},"46":{"start":{"line":47,"column":0},"end":{"line":47,"column":4}},"47":{"start":{"line":48,"column":0},"end":{"line":48,"column":20}},"48":{"start":{"line":49,"column":0},"end":{"line":49,"column":1}},"49":{"start":{"line":50,"column":0},"end":{"line":50,"column":0}},"50":{"start":{"line":51,"column":0},"end":{"line":51,"column":3}},"51":{"start":{"line":52,"column":0},"end":{"line":52,"column":54}},"52":{"start":{"line":53,"column":0},"end":{"line":53,"column":2}},"53":{"start":{"line":54,"column":0},"end":{"line":54,"column":61}},"54":{"start":{"line":55,"column":0},"end":{"line":55,"column":71}},"55":{"start":{"line":56,"column":0},"end":{"line":56,"column":84}},"56":{"start":{"line":57,"column":0},"end":{"line":57,"column":93}},"57":{"start":{"line":58,"column":0},"end":{"line":58,"column":3}},"58":{"start":{"line":59,"column":0},"end":{"line":59,"column":48}},"59":{"start":{"line":60,"column":0},"end":{"line":60,"column":0}},"60":{"start":{"line":61,"column":0},"end":{"line":61,"column":33}},"61":{"start":{"line":62,"column":0},"end":{"line":62,"column":39}},"62":{"start":{"line":63,"column":0},"end":{"line":63,"column":3}},"63":{"start":{"line":64,"column":0},"end":{"line":64,"column":0}},"64":{"start":{"line":65,"column":0},"end":{"line":65,"column":35}},"65":{"start":{"line":66,"column":0},"end":{"line":66,"column":62}},"66":{"start":{"line":67,"column":0},"end":{"line":67,"column":0}},"67":{"start":{"line":68,"column":0},"end":{"line":68,"column":15}},"68":{"start":{"line":69,"column":0},"end":{"line":69,"column":39}},"69":{"start":{"line":70,"column":0},"end":{"line":70,"column":3}},"70":{"start":{"line":71,"column":0},"end":{"line":71,"column":0}},"71":{"start":{"line":72,"column":0},"end":{"line":72,"column":53}},"72":{"start":{"line":73,"column":0},"end":{"line":73,"column":30}},"73":{"start":{"line":74,"column":0},"end":{"line":74,"column":1}},"74":{"start":{"line":75,"column":0},"end":{"line":75,"column":68}},"75":{"start":{"line":76,"column":0},"end":{"line":76,"column":1}},"76":{"start":{"line":77,"column":0},"end":{"line":77,"column":0}},"77":{"start":{"line":78,"column":0},"end":{"line":78,"column":0}},"78":{"start":{"line":79,"column":0},"end":{"line":79,"column":3}},"79":{"start":{"line":80,"column":0},"end":{"line":80,"column":42}},"80":{"start":{"line":81,"column":0},"end":{"line":81,"column":2}},"81":{"start":{"line":82,"column":0},"end":{"line":82,"column":57}},"82":{"start":{"line":83,"column":0},"end":{"line":83,"column":82}},"83":{"start":{"line":84,"column":0},"end":{"line":84,"column":64}},"84":{"start":{"line":85,"column":0},"end":{"line":85,"column":3}},"85":{"start":{"line":86,"column":0},"end":{"line":86,"column":42}},"86":{"start":{"line":87,"column":0},"end":{"line":87,"column":0}},"87":{"start":{"line":88,"column":0},"end":{"line":88,"column":35}},"88":{"start":{"line":89,"column":0},"end":{"line":89,"column":1}},"89":{"start":{"line":90,"column":0},"end":{"line":90,"column":49}},"90":{"start":{"line":91,"column":0},"end":{"line":91,"column":1}},"91":{"start":{"line":92,"column":0},"end":{"line":92,"column":53}},"92":{"start":{"line":93,"column":0},"end":{"line":93,"column":0}},"93":{"start":{"line":94,"column":0},"end":{"line":94,"column":20}},"94":{"start":{"line":95,"column":0},"end":{"line":95,"column":11}},"95":{"start":{"line":96,"column":0},"end":{"line":96,"column":17}},"96":{"start":{"line":97,"column":0},"end":{"line":97,"column":16}},"97":{"start":{"line":98,"column":0},"end":{"line":98,"column":3}},"98":{"start":{"line":99,"column":0},"end":{"line":99,"column":83}},"99":{"start":{"line":100,"column":0},"end":{"line":100,"column":1}}},"s":{"0":1,"1":0,"2":1,"3":1,"4":1,"5":1,"6":1,"7":1,"8":1,"9":1,"10":1,"11":1,"12":1,"13":1,"14":1,"15":1,"16":1,"17":1,"18":1,"19":1,"20":1,"21":1,"22":1,"23":1,"24":1,"25":1,"26":1,"27":1,"28":1,"29":1,"30":1,"31":1,"32":1,"33":1,"34":1,"35":1,"36":1,"37":1,"38":0,"39":0,"40":0,"41":0,"42":0,"43":0,"44":0,"45":0,"46":0,"47":0,"48":1,"49":1,"50":1,"51":1,"52":1,"53":1,"54":1,"55":1,"56":1,"57":1,"58":1,"59":0,"60":0,"61":0,"62":0,"63":0,"64":0,"65":0,"66":0,"67":0,"68":0,"69":0,"70":0,"71":0,"72":0,"73":0,"74":0,"75":1,"76":1,"77":1,"78":1,"79":1,"80":1,"81":1,"82":1,"83":1,"84":1,"85":1,"86":0,"87":0,"88":0,"89":0,"90":0,"91":0,"92":0,"93":0,"94":0,"95":0,"96":0,"97":0,"98":0,"99":1},"branchMap":{"0":{"type":"branch","line":2,"loc":{"start":{"line":2,"column":0},"end":{"line":2,"column":29}},"locations":[{"start":{"line":2,"column":0},"end":{"line":2,"column":29}}]},"1":{"type":"branch","line":2,"loc":{"start":{"line":2,"column":0},"end":{"line":2,"column":29}},"locations":[{"start":{"line":2,"column":0},"end":{"line":2,"column":29}}]},"2":{"type":"branch","line":2,"loc":{"start":{"line":2,"column":0},"end":{"line":2,"column":29}},"locations":[{"start":{"line":2,"column":0},"end":{"line":2,"column":29}}]},"3":{"type":"branch","line":2,"loc":{"start":{"line":2,"column":0},"end":{"line":2,"column":29}},"locations":[{"start":{"line":2,"column":0},"end":{"line":2,"column":29}}]},"4":{"type":"branch","line":2,"loc":{"start":{"line":2,"column":0},"end":{"line":2,"column":29}},"locations":[{"start":{"line":2,"column":0},"end":{"line":2,"column":29}}]},"5":{"type":"branch","line":2,"loc":{"start":{"line":2,"column":0},"end":{"line":2,"column":29}},"locations":[{"start":{"line":2,"column":0},"end":{"line":2,"column":29}}]},"6":{"type":"branch","line":2,"loc":{"start":{"line":2,"column":0},"end":{"line":2,"column":29}},"locations":[{"start":{"line":2,"column":0},"end":{"line":2,"column":29}}]},"7":{"type":"branch","line":2,"loc":{"start":{"line":2,"column":0},"end":{"line":2,"column":29}},"locations":[{"start":{"line":2,"column":0},"end":{"line":2,"column":29}}]},"8":{"type":"branch","line":2,"loc":{"start":{"line":2,"column":0},"end":{"line":2,"column":29}},"locations":[{"start":{"line":2,"column":0},"end":{"line":2,"column":29}}]},"9":{"type":"branch","line":2,"loc":{"start":{"line":2,"column":0},"end":{"line":2,"column":29}},"locations":[{"start":{"line":2,"column":0},"end":{"line":2,"column":29}}]},"10":{"type":"branch","line":2,"loc":{"start":{"line":2,"column":0},"end":{"line":2,"column":29}},"locations":[{"start":{"line":2,"column":0},"end":{"line":2,"column":29}}]},"11":{"type":"branch","line":2,"loc":{"start":{"line":2,"column":0},"end":{"line":2,"column":29}},"locations":[{"start":{"line":2,"column":0},"end":{"line":2,"column":29}}]},"12":{"type":"branch","line":2,"loc":{"start":{"line":2,"column":0},"end":{"line":2,"column":29}},"locations":[{"start":{"line":2,"column":0},"end":{"line":2,"column":29}}]},"13":{"type":"branch","line":2,"loc":{"start":{"line":2,"column":0},"end":{"line":2,"column":29}},"locations":[{"start":{"line":2,"column":0},"end":{"line":2,"column":29}}]},"14":{"type":"branch","line":2,"loc":{"start":{"line":2,"column":0},"end":{"line":2,"column":29}},"locations":[{"start":{"line":2,"column":0},"end":{"line":2,"column":29}}]},"15":{"type":"branch","line":2,"loc":{"start":{"line":2,"column":0},"end":{"line":2,"column":29}},"locations":[{"start":{"line":2,"column":0},"end":{"line":2,"column":29}}]},"16":{"type":"branch","line":2,"loc":{"start":{"line":2,"column":0},"end":{"line":2,"column":29}},"locations":[{"start":{"line":2,"column":0},"end":{"line":2,"column":29}}]},"17":{"type":"branch","line":2,"loc":{"start":{"line":2,"column":0},"end":{"line":2,"column":29}},"locations":[{"start":{"line":2,"column":0},"end":{"line":2,"column":29}}]},"18":{"type":"branch","line":2,"loc":{"start":{"line":2,"column":0},"end":{"line":2,"column":29}},"locations":[{"start":{"line":2,"column":0},"end":{"line":2,"column":29}}]},"19":{"type":"branch","line":2,"loc":{"start":{"line":2,"column":0},"end":{"line":2,"column":29}},"locations":[{"start":{"line":2,"column":0},"end":{"line":2,"column":29}}]},"20":{"type":"branch","line":2,"loc":{"start":{"line":2,"column":0},"end":{"line":2,"column":29}},"locations":[{"start":{"line":2,"column":0},"end":{"line":2,"column":29}}]},"21":{"type":"branch","line":2,"loc":{"start":{"line":2,"column":0},"end":{"line":2,"column":29}},"locations":[{"start":{"line":2,"column":0},"end":{"line":2,"column":29}}]},"22":{"type":"branch","line":2,"loc":{"start":{"line":2,"column":0},"end":{"line":2,"column":29}},"locations":[{"start":{"line":2,"column":0},"end":{"line":2,"column":29}}]},"23":{"type":"branch","line":2,"loc":{"start":{"line":2,"column":0},"end":{"line":2,"column":29}},"locations":[{"start":{"line":2,"column":0},"end":{"line":2,"column":29}}]},"24":{"type":"branch","line":2,"loc":{"start":{"line":2,"column":0},"end":{"line":2,"column":29}},"locations":[{"start":{"line":2,"column":0},"end":{"line":2,"column":29}}]},"25":{"type":"branch","line":2,"loc":{"start":{"line":2,"column":0},"end":{"line":2,"column":29}},"locations":[{"start":{"line":2,"column":0},"end":{"line":2,"column":29}}]},"26":{"type":"branch","line":2,"loc":{"start":{"line":2,"column":0},"end":{"line":2,"column":29}},"locations":[{"start":{"line":2,"column":0},"end":{"line":2,"column":29}}]},"27":{"type":"branch","line":2,"loc":{"start":{"line":2,"column":0},"end":{"line":2,"column":29}},"locations":[{"start":{"line":2,"column":0},"end":{"line":2,"column":29}}]},"28":{"type":"branch","line":2,"loc":{"start":{"line":2,"column":0},"end":{"line":2,"column":29}},"locations":[{"start":{"line":2,"column":0},"end":{"line":2,"column":29}}]},"29":{"type":"branch","line":2,"loc":{"start":{"line":2,"column":0},"end":{"line":2,"column":29}},"locations":[{"start":{"line":2,"column":0},"end":{"line":2,"column":29}}]},"30":{"type":"branch","line":2,"loc":{"start":{"line":2,"column":0},"end":{"line":2,"column":29}},"locations":[{"start":{"line":2,"column":0},"end":{"line":2,"column":29}}]},"31":{"type":"branch","line":2,"loc":{"start":{"line":2,"column":0},"end":{"line":2,"column":29}},"locations":[{"start":{"line":2,"column":0},"end":{"line":2,"column":29}}]},"32":{"type":"branch","line":2,"loc":{"start":{"line":2,"column":0},"end":{"line":2,"column":29}},"locations":[{"start":{"line":2,"column":0},"end":{"line":2,"column":29}}]},"33":{"type":"branch","line":2,"loc":{"start":{"line":2,"column":0},"end":{"line":2,"column":29}},"locations":[{"start":{"line":2,"column":0},"end":{"line":2,"column":29}}]},"34":{"type":"branch","line":2,"loc":{"start":{"line":2,"column":0},"end":{"line":2,"column":29}},"locations":[{"start":{"line":2,"column":0},"end":{"line":2,"column":29}}]},"35":{"type":"branch","line":2,"loc":{"start":{"line":2,"column":0},"end":{"line":2,"column":29}},"locations":[{"start":{"line":2,"column":0},"end":{"line":2,"column":29}}]},"36":{"type":"branch","line":2,"loc":{"start":{"line":2,"column":0},"end":{"line":2,"column":29}},"locations":[{"start":{"line":2,"column":0},"end":{"line":2,"column":29}}]},"37":{"type":"branch","line":2,"loc":{"start":{"line":2,"column":0},"end":{"line":2,"column":29}},"locations":[{"start":{"line":2,"column":0},"end":{"line":2,"column":29}}]},"38":{"type":"branch","line":2,"loc":{"start":{"line":2,"column":0},"end":{"line":2,"column":29}},"locations":[{"start":{"line":2,"column":0},"end":{"line":2,"column":29}}]},"39":{"type":"branch","line":2,"loc":{"start":{"line":2,"column":0},"end":{"line":2,"column":29}},"locations":[{"start":{"line":2,"column":0},"end":{"line":2,"column":29}}]},"40":{"type":"branch","line":2,"loc":{"start":{"line":2,"column":0},"end":{"line":2,"column":29}},"locations":[{"start":{"line":2,"column":0},"end":{"line":2,"column":29}}]},"41":{"type":"branch","line":2,"loc":{"start":{"line":2,"column":0},"end":{"line":2,"column":29}},"locations":[{"start":{"line":2,"column":0},"end":{"line":2,"column":29}}]},"42":{"type":"branch","line":2,"loc":{"start":{"line":2,"column":0},"end":{"line":2,"column":29}},"locations":[{"start":{"line":2,"column":0},"end":{"line":2,"column":29}}]},"43":{"type":"branch","line":2,"loc":{"start":{"line":2,"column":0},"end":{"line":2,"column":29}},"locations":[{"start":{"line":2,"column":0},"end":{"line":2,"column":29}}]},"44":{"type":"branch","line":2,"loc":{"start":{"line":2,"column":0},"end":{"line":2,"column":29}},"locations":[{"start":{"line":2,"column":0},"end":{"line":2,"column":29}}]},"45":{"type":"branch","line":2,"loc":{"start":{"line":2,"column":0},"end":{"line":2,"column":29}},"locations":[{"start":{"line":2,"column":0},"end":{"line":2,"column":29}}]},"46":{"type":"branch","line":2,"loc":{"start":{"line":2,"column":0},"end":{"line":2,"column":29}},"locations":[{"start":{"line":2,"column":0},"end":{"line":2,"column":29}}]},"47":{"type":"branch","line":2,"loc":{"start":{"line":2,"column":0},"end":{"line":2,"column":29}},"locations":[{"start":{"line":2,"column":0},"end":{"line":2,"column":29}}]},"48":{"type":"branch","line":2,"loc":{"start":{"line":2,"column":0},"end":{"line":2,"column":29}},"locations":[{"start":{"line":2,"column":0},"end":{"line":2,"column":29}}]},"49":{"type":"branch","line":2,"loc":{"start":{"line":2,"column":0},"end":{"line":2,"column":29}},"locations":[{"start":{"line":2,"column":0},"end":{"line":2,"column":29}}]},"50":{"type":"branch","line":2,"loc":{"start":{"line":2,"column":0},"end":{"line":2,"column":29}},"locations":[{"start":{"line":2,"column":0},"end":{"line":2,"column":29}}]},"51":{"type":"branch","line":2,"loc":{"start":{"line":2,"column":0},"end":{"line":2,"column":29}},"locations":[{"start":{"line":2,"column":0},"end":{"line":2,"column":29}}]},"52":{"type":"branch","line":2,"loc":{"start":{"line":2,"column":0},"end":{"line":2,"column":29}},"locations":[{"start":{"line":2,"column":0},"end":{"line":2,"column":29}}]},"53":{"type":"branch","line":2,"loc":{"start":{"line":2,"column":0},"end":{"line":2,"column":29}},"locations":[{"start":{"line":2,"column":0},"end":{"line":2,"column":29}}]},"54":{"type":"branch","line":2,"loc":{"start":{"line":2,"column":0},"end":{"line":2,"column":29}},"locations":[{"start":{"line":2,"column":0},"end":{"line":2,"column":29}}]},"55":{"type":"branch","line":2,"loc":{"start":{"line":2,"column":0},"end":{"line":2,"column":29}},"locations":[{"start":{"line":2,"column":0},"end":{"line":2,"column":29}}]},"56":{"type":"branch","line":2,"loc":{"start":{"line":2,"column":0},"end":{"line":2,"column":29}},"locations":[{"start":{"line":2,"column":0},"end":{"line":2,"column":29}}]},"57":{"type":"branch","line":2,"loc":{"start":{"line":2,"column":0},"end":{"line":2,"column":29}},"locations":[{"start":{"line":2,"column":0},"end":{"line":2,"column":29}}]},"58":{"type":"branch","line":2,"loc":{"start":{"line":2,"column":0},"end":{"line":2,"column":29}},"locations":[{"start":{"line":2,"column":0},"end":{"line":2,"column":29}}]},"59":{"type":"branch","line":2,"loc":{"start":{"line":2,"column":0},"end":{"line":2,"column":29}},"locations":[{"start":{"line":2,"column":0},"end":{"line":2,"column":29}}]},"60":{"type":"branch","line":2,"loc":{"start":{"line":2,"column":0},"end":{"line":2,"column":29}},"locations":[{"start":{"line":2,"column":0},"end":{"line":2,"column":29}}]},"61":{"type":"branch","line":2,"loc":{"start":{"line":2,"column":0},"end":{"line":2,"column":29}},"locations":[{"start":{"line":2,"column":0},"end":{"line":2,"column":29}}]},"62":{"type":"branch","line":12,"loc":{"start":{"line":12,"column":18},"end":{"line":12,"column":21}},"locations":[{"start":{"line":12,"column":18},"end":{"line":12,"column":21}}]},"63":{"type":"branch","line":12,"loc":{"start":{"line":12,"column":21},"end":{"line":15,"column":20}},"locations":[{"start":{"line":12,"column":21},"end":{"line":15,"column":20}}]},"64":{"type":"branch","line":12,"loc":{"start":{"line":12,"column":21},"end":{"line":15,"column":20}},"locations":[{"start":{"line":12,"column":21},"end":{"line":15,"column":20}}]},"65":{"type":"branch","line":12,"loc":{"start":{"line":12,"column":21},"end":{"line":13,"column":55}},"locations":[{"start":{"line":12,"column":21},"end":{"line":13,"column":55}}]},"66":{"type":"branch","line":13,"loc":{"start":{"line":13,"column":54},"end":{"line":15,"column":20}},"locations":[{"start":{"line":13,"column":54},"end":{"line":15,"column":20}}]},"67":{"type":"branch","line":15,"loc":{"start":{"line":15,"column":19},"end":{"line":15,"column":20}},"locations":[{"start":{"line":15,"column":19},"end":{"line":15,"column":20}}]},"68":{"type":"branch","line":15,"loc":{"start":{"line":15,"column":19},"end":{"line":15,"column":20}},"locations":[{"start":{"line":15,"column":19},"end":{"line":15,"column":20}}]},"69":{"type":"branch","line":24,"loc":{"start":{"line":24,"column":22},"end":{"line":24,"column":25}},"locations":[{"start":{"line":24,"column":22},"end":{"line":24,"column":25}}]},"70":{"type":"branch","line":24,"loc":{"start":{"line":24,"column":25},"end":{"line":26,"column":18}},"locations":[{"start":{"line":24,"column":25},"end":{"line":26,"column":18}}]},"71":{"type":"branch","line":24,"loc":{"start":{"line":24,"column":25},"end":{"line":26,"column":18}},"locations":[{"start":{"line":24,"column":25},"end":{"line":26,"column":18}}]},"72":{"type":"branch","line":24,"loc":{"start":{"line":24,"column":25},"end":{"line":25,"column":40}},"locations":[{"start":{"line":24,"column":25},"end":{"line":25,"column":40}}]},"73":{"type":"branch","line":25,"loc":{"start":{"line":25,"column":39},"end":{"line":26,"column":18}},"locations":[{"start":{"line":25,"column":39},"end":{"line":26,"column":18}}]},"74":{"type":"branch","line":26,"loc":{"start":{"line":26,"column":17},"end":{"line":26,"column":18}},"locations":[{"start":{"line":26,"column":17},"end":{"line":26,"column":18}}]},"75":{"type":"branch","line":26,"loc":{"start":{"line":26,"column":17},"end":{"line":26,"column":18}},"locations":[{"start":{"line":26,"column":17},"end":{"line":26,"column":18}}]},"76":{"type":"branch","line":38,"loc":{"start":{"line":38,"column":27},"end":{"line":38,"column":30}},"locations":[{"start":{"line":38,"column":27},"end":{"line":38,"column":30}}]},"77":{"type":"branch","line":59,"loc":{"start":{"line":59,"column":24},"end":{"line":59,"column":27}},"locations":[{"start":{"line":59,"column":24},"end":{"line":59,"column":27}}]},"78":{"type":"branch","line":86,"loc":{"start":{"line":86,"column":21},"end":{"line":86,"column":24}},"locations":[{"start":{"line":86,"column":21},"end":{"line":86,"column":24}}]}},"b":{"0":[0],"1":[0],"2":[0],"3":[0],"4":[0],"5":[0],"6":[6],"7":[13],"8":[2],"9":[0],"10":[6],"11":[0],"12":[2],"13":[6],"14":[4],"15":[2],"16":[4],"17":[0],"18":[0],"19":[6],"20":[0],"21":[4],"22":[2],"23":[0],"24":[2],"25":[4],"26":[2],"27":[4],"28":[0],"29":[2],"30":[2],"31":[1],"32":[0],"33":[0],"34":[0],"35":[5],"36":[0],"37":[2],"38":[0],"39":[2],"40":[0],"41":[4],"42":[0],"43":[0],"44":[0],"45":[0],"46":[0],"47":[0],"48":[0],"49":[0],"50":[0],"51":[4],"52":[0],"53":[0],"54":[0],"55":[4],"56":[0],"57":[2],"58":[5],"59":[2],"60":[2],"61":[4],"62":[1],"63":[1],"64":[3],"65":[1],"66":[1],"67":[0],"68":[1],"69":[1],"70":[1],"71":[3],"72":[1],"73":[1],"74":[0],"75":[1],"76":[1],"77":[1],"78":[1]},"fnMap":{"0":{"name":"_regeneratorRuntime","decl":{"start":{"line":2,"column":0},"end":{"line":2,"column":29}},"loc":{"start":{"line":2,"column":0},"end":{"line":2,"column":29}},"line":2},"1":{"name":"o","decl":{"start":{"line":2,"column":0},"end":{"line":2,"column":29}},"loc":{"start":{"line":2,"column":0},"end":{"line":2,"column":29}},"line":2},"2":{"name":"define","decl":{"start":{"line":2,"column":0},"end":{"line":2,"column":29}},"loc":{"start":{"line":2,"column":0},"end":{"line":2,"column":29}},"line":2},"3":{"name":"define","decl":{"start":{"line":2,"column":0},"end":{"line":2,"column":29}},"loc":{"start":{"line":2,"column":0},"end":{"line":2,"column":29}},"line":2},"4":{"name":"wrap","decl":{"start":{"line":2,"column":0},"end":{"line":2,"column":29}},"loc":{"start":{"line":2,"column":0},"end":{"line":2,"column":29}},"line":2},"5":{"name":"tryCatch","decl":{"start":{"line":2,"column":0},"end":{"line":2,"column":29}},"loc":{"start":{"line":2,"column":0},"end":{"line":2,"column":29}},"line":2},"6":{"name":"Generator","decl":{"start":{"line":2,"column":0},"end":{"line":2,"column":29}},"loc":{"start":{"line":2,"column":0},"end":{"line":2,"column":29}},"line":2},"7":{"name":"GeneratorFunction","decl":{"start":{"line":2,"column":0},"end":{"line":2,"column":29}},"loc":{"start":{"line":2,"column":0},"end":{"line":2,"column":29}},"line":2},"8":{"name":"GeneratorFunctionPrototype","decl":{"start":{"line":2,"column":0},"end":{"line":2,"column":29}},"loc":{"start":{"line":2,"column":0},"end":{"line":2,"column":29}},"line":2},"9":{"name":"defineIteratorMethods","decl":{"start":{"line":2,"column":0},"end":{"line":2,"column":29}},"loc":{"start":{"line":2,"column":0},"end":{"line":2,"column":29}},"line":2},"10":{"name":"AsyncIterator","decl":{"start":{"line":2,"column":0},"end":{"line":2,"column":29}},"loc":{"start":{"line":2,"column":0},"end":{"line":2,"column":29}},"line":2},"11":{"name":"makeInvokeMethod","decl":{"start":{"line":2,"column":0},"end":{"line":2,"column":29}},"loc":{"start":{"line":2,"column":0},"end":{"line":2,"column":29}},"line":2},"12":{"name":"maybeInvokeDelegate","decl":{"start":{"line":2,"column":0},"end":{"line":2,"column":29}},"loc":{"start":{"line":2,"column":0},"end":{"line":2,"column":29}},"line":2},"13":{"name":"pushTryEntry","decl":{"start":{"line":2,"column":0},"end":{"line":2,"column":29}},"loc":{"start":{"line":2,"column":0},"end":{"line":2,"column":29}},"line":2},"14":{"name":"resetTryEntry","decl":{"start":{"line":2,"column":0},"end":{"line":2,"column":29}},"loc":{"start":{"line":2,"column":0},"end":{"line":2,"column":29}},"line":2},"15":{"name":"Context","decl":{"start":{"line":2,"column":0},"end":{"line":2,"column":29}},"loc":{"start":{"line":2,"column":0},"end":{"line":2,"column":29}},"line":2},"16":{"name":"values","decl":{"start":{"line":2,"column":0},"end":{"line":2,"column":29}},"loc":{"start":{"line":2,"column":0},"end":{"line":2,"column":29}},"line":2},"17":{"name":"next","decl":{"start":{"line":2,"column":0},"end":{"line":2,"column":29}},"loc":{"start":{"line":2,"column":0},"end":{"line":2,"column":29}},"line":2},"18":{"name":"e.isGeneratorFunction","decl":{"start":{"line":2,"column":0},"end":{"line":2,"column":29}},"loc":{"start":{"line":2,"column":0},"end":{"line":2,"column":29}},"line":2},"19":{"name":"e.mark","decl":{"start":{"line":2,"column":0},"end":{"line":2,"column":29}},"loc":{"start":{"line":2,"column":0},"end":{"line":2,"column":29}},"line":2},"20":{"name":"e.awrap","decl":{"start":{"line":2,"column":0},"end":{"line":2,"column":29}},"loc":{"start":{"line":2,"column":0},"end":{"line":2,"column":29}},"line":2},"21":{"name":"e.async","decl":{"start":{"line":2,"column":0},"end":{"line":2,"column":29}},"loc":{"start":{"line":2,"column":0},"end":{"line":2,"column":29}},"line":2},"22":{"name":"e.keys","decl":{"start":{"line":2,"column":0},"end":{"line":2,"column":29}},"loc":{"start":{"line":2,"column":0},"end":{"line":2,"column":29}},"line":2},"23":{"name":"reset","decl":{"start":{"line":2,"column":0},"end":{"line":2,"column":29}},"loc":{"start":{"line":2,"column":0},"end":{"line":2,"column":29}},"line":2},"24":{"name":"stop","decl":{"start":{"line":2,"column":0},"end":{"line":2,"column":29}},"loc":{"start":{"line":2,"column":0},"end":{"line":2,"column":29}},"line":2},"25":{"name":"dispatchException","decl":{"start":{"line":2,"column":0},"end":{"line":2,"column":29}},"loc":{"start":{"line":2,"column":0},"end":{"line":2,"column":29}},"line":2},"26":{"name":"abrupt","decl":{"start":{"line":2,"column":0},"end":{"line":2,"column":29}},"loc":{"start":{"line":2,"column":0},"end":{"line":2,"column":29}},"line":2},"27":{"name":"complete","decl":{"start":{"line":2,"column":0},"end":{"line":2,"column":29}},"loc":{"start":{"line":2,"column":0},"end":{"line":2,"column":29}},"line":2},"28":{"name":"finish","decl":{"start":{"line":2,"column":0},"end":{"line":2,"column":29}},"loc":{"start":{"line":2,"column":0},"end":{"line":2,"column":29}},"line":2},"29":{"name":"_catch","decl":{"start":{"line":2,"column":0},"end":{"line":2,"column":29}},"loc":{"start":{"line":2,"column":0},"end":{"line":2,"column":29}},"line":2},"30":{"name":"delegateYield","decl":{"start":{"line":2,"column":0},"end":{"line":2,"column":29}},"loc":{"start":{"line":2,"column":0},"end":{"line":2,"column":29}},"line":2},"31":{"name":"asyncGeneratorStep","decl":{"start":{"line":2,"column":0},"end":{"line":2,"column":29}},"loc":{"start":{"line":2,"column":0},"end":{"line":2,"column":29}},"line":2},"32":{"name":"_asyncToGenerator","decl":{"start":{"line":2,"column":0},"end":{"line":2,"column":29}},"loc":{"start":{"line":2,"column":0},"end":{"line":2,"column":29}},"line":2},"33":{"name":"_next","decl":{"start":{"line":2,"column":0},"end":{"line":2,"column":29}},"loc":{"start":{"line":2,"column":0},"end":{"line":2,"column":29}},"line":2},"34":{"name":"_throw","decl":{"start":{"line":2,"column":0},"end":{"line":2,"column":29}},"loc":{"start":{"line":2,"column":0},"end":{"line":2,"column":29}},"line":2},"35":{"name":"_callee","decl":{"start":{"line":12,"column":21},"end":{"line":15,"column":20}},"loc":{"start":{"line":12,"column":21},"end":{"line":15,"column":20}},"line":12},"36":{"name":"_callee$","decl":{"start":{"line":12,"column":21},"end":{"line":15,"column":20}},"loc":{"start":{"line":12,"column":21},"end":{"line":15,"column":20}},"line":12},"37":{"name":"_callee2","decl":{"start":{"line":24,"column":25},"end":{"line":26,"column":18}},"loc":{"start":{"line":24,"column":25},"end":{"line":26,"column":18}},"line":24},"38":{"name":"_callee2$","decl":{"start":{"line":24,"column":25},"end":{"line":26,"column":18}},"loc":{"start":{"line":24,"column":25},"end":{"line":26,"column":18}},"line":24},"39":{"name":"_callee3","decl":{"start":{"line":38,"column":30},"end":{"line":48,"column":20}},"loc":{"start":{"line":38,"column":30},"end":{"line":48,"column":20}},"line":38},"40":{"name":"_callee4","decl":{"start":{"line":59,"column":27},"end":{"line":75,"column":68}},"loc":{"start":{"line":59,"column":27},"end":{"line":75,"column":68}},"line":59},"41":{"name":"_callee5","decl":{"start":{"line":86,"column":24},"end":{"line":99,"column":83}},"loc":{"start":{"line":86,"column":24},"end":{"line":99,"column":83}},"line":86}},"f":{"0":6,"1":0,"2":13,"3":0,"4":2,"5":6,"6":0,"7":0,"8":0,"9":2,"10":0,"11":2,"12":0,"13":0,"14":2,"15":2,"16":1,"17":0,"18":0,"19":5,"20":0,"21":0,"22":0,"23":2,"24":2,"25":0,"26":4,"27":4,"28":0,"29":0,"30":0,"31":4,"32":5,"33":4,"34":0,"35":1,"36":3,"37":1,"38":3,"39":0,"40":0,"41":0}}
,"D:\\apprentissage\\codeline-melvynx\\beginJavascript\\habits-tracker\\backend\\index.js": {"path":"D:\\apprentissage\\codeline-melvynx\\beginJavascript\\habits-tracker\\backend\\index.js","all":false,"statementMap":{"0":{"start":{"line":1,"column":0},"end":{"line":1,"column":33}},"1":{"start":{"line":2,"column":0},"end":{"line":2,"column":30}},"2":{"start":{"line":3,"column":0},"end":{"line":3,"column":43}},"3":{"start":{"line":4,"column":0},"end":{"line":4,"column":0}},"4":{"start":{"line":5,"column":0},"end":{"line":5,"column":0}},"5":{"start":{"line":6,"column":0},"end":{"line":6,"column":25}},"6":{"start":{"line":7,"column":0},"end":{"line":7,"column":15}},"7":{"start":{"line":8,"column":0},"end":{"line":8,"column":3}},"8":{"start":{"line":9,"column":0},"end":{"line":9,"column":0}},"9":{"start":{"line":10,"column":0},"end":{"line":10,"column":0}},"10":{"start":{"line":11,"column":0},"end":{"line":11,"column":0}},"11":{"start":{"line":12,"column":0},"end":{"line":12,"column":24}},"12":{"start":{"line":13,"column":0},"end":{"line":13,"column":14}},"13":{"start":{"line":14,"column":0},"end":{"line":14,"column":64}},"14":{"start":{"line":15,"column":0},"end":{"line":15,"column":3}},"15":{"start":{"line":16,"column":0},"end":{"line":16,"column":0}},"16":{"start":{"line":17,"column":0},"end":{"line":17,"column":48}},"17":{"start":{"line":18,"column":0},"end":{"line":18,"column":0}},"18":{"start":{"line":19,"column":0},"end":{"line":19,"column":18}},"19":{"start":{"line":20,"column":0},"end":{"line":20,"column":0}},"20":{"start":{"line":21,"column":0},"end":{"line":21,"column":28}},"21":{"start":{"line":22,"column":0},"end":{"line":22,"column":7}},"22":{"start":{"line":23,"column":0},"end":{"line":23,"column":40}},"23":{"start":{"line":24,"column":0},"end":{"line":24,"column":17}},"24":{"start":{"line":25,"column":0},"end":{"line":25,"column":26}},"25":{"start":{"line":26,"column":0},"end":{"line":26,"column":19}},"26":{"start":{"line":27,"column":0},"end":{"line":27,"column":3}},"27":{"start":{"line":28,"column":0},"end":{"line":28,"column":1}},"28":{"start":{"line":29,"column":0},"end":{"line":29,"column":0}},"29":{"start":{"line":30,"column":0},"end":{"line":30,"column":24}}},"s":{"0":1,"1":0,"2":1,"3":1,"4":1,"5":1,"6":1,"7":1,"8":1,"9":1,"10":1,"11":1,"12":1,"13":1,"14":1,"15":1,"16":1,"17":1,"18":1,"19":1,"20":1,"21":0,"22":0,"23":0,"24":0,"25":0,"26":1,"27":1,"28":1,"29":1},"branchMap":{"0":{"type":"branch","line":2,"loc":{"start":{"line":2,"column":0},"end":{"line":2,"column":30}},"locations":[{"start":{"line":2,"column":0},"end":{"line":2,"column":30}}]},"1":{"type":"branch","line":21,"loc":{"start":{"line":21,"column":12},"end":{"line":21,"column":15}},"locations":[{"start":{"line":21,"column":12},"end":{"line":21,"column":15}}]}},"b":{"0":[1],"1":[1]},"fnMap":{"0":{"name":"asyncGeneratorStep","decl":{"start":{"line":2,"column":0},"end":{"line":2,"column":30}},"loc":{"start":{"line":2,"column":0},"end":{"line":2,"column":30}},"line":2},"1":{"name":"_asyncToGenerator","decl":{"start":{"line":2,"column":0},"end":{"line":2,"column":30}},"loc":{"start":{"line":2,"column":0},"end":{"line":2,"column":30}},"line":2},"2":{"name":"_callee","decl":{"start":{"line":21,"column":15},"end":{"line":26,"column":19}},"loc":{"start":{"line":21,"column":15},"end":{"line":26,"column":19}},"line":21}},"f":{"0":0,"1":1,"2":0}}
,"D:\\apprentissage\\codeline-melvynx\\beginJavascript\\habits-tracker\\backend\\routes\\routes.js": {"path":"D:\\apprentissage\\codeline-melvynx\\beginJavascript\\habits-tracker\\backend\\routes\\routes.js","all":false,"statementMap":{"0":{"start":{"line":1,"column":0},"end":{"line":1,"column":87}},"1":{"start":{"line":2,"column":0},"end":{"line":2,"column":0}},"2":{"start":{"line":3,"column":0},"end":{"line":3,"column":39}},"3":{"start":{"line":4,"column":0},"end":{"line":4,"column":0}},"4":{"start":{"line":5,"column":0},"end":{"line":5,"column":16}},"5":{"start":{"line":6,"column":0},"end":{"line":6,"column":46}},"6":{"start":{"line":7,"column":0},"end":{"line":7,"column":9}},"7":{"start":{"line":8,"column":0},"end":{"line":8,"column":39}},"8":{"start":{"line":9,"column":0},"end":{"line":9,"column":35}},"9":{"start":{"line":10,"column":0},"end":{"line":10,"column":21}},"10":{"start":{"line":11,"column":0},"end":{"line":11,"column":54}},"11":{"start":{"line":12,"column":0},"end":{"line":12,"column":5}},"12":{"start":{"line":13,"column":0},"end":{"line":13,"column":4}},"13":{"start":{"line":14,"column":0},"end":{"line":14,"column":0}},"14":{"start":{"line":15,"column":0},"end":{"line":15,"column":17}},"15":{"start":{"line":16,"column":0},"end":{"line":16,"column":47}},"16":{"start":{"line":17,"column":0},"end":{"line":17,"column":9}},"17":{"start":{"line":18,"column":0},"end":{"line":18,"column":127}},"18":{"start":{"line":19,"column":0},"end":{"line":19,"column":61}},"19":{"start":{"line":20,"column":0},"end":{"line":20,"column":15}},"20":{"start":{"line":21,"column":0},"end":{"line":21,"column":7}},"21":{"start":{"line":22,"column":0},"end":{"line":22,"column":41}},"22":{"start":{"line":23,"column":0},"end":{"line":23,"column":32}},"23":{"start":{"line":24,"column":0},"end":{"line":24,"column":59}},"24":{"start":{"line":25,"column":0},"end":{"line":25,"column":21}},"25":{"start":{"line":26,"column":0},"end":{"line":26,"column":54}},"26":{"start":{"line":27,"column":0},"end":{"line":27,"column":5}},"27":{"start":{"line":28,"column":0},"end":{"line":28,"column":4}},"28":{"start":{"line":29,"column":0},"end":{"line":29,"column":0}},"29":{"start":{"line":30,"column":0},"end":{"line":30,"column":22}},"30":{"start":{"line":31,"column":0},"end":{"line":31,"column":51}},"31":{"start":{"line":32,"column":0},"end":{"line":32,"column":9}},"32":{"start":{"line":33,"column":0},"end":{"line":33,"column":0}},"33":{"start":{"line":34,"column":0},"end":{"line":34,"column":107}},"34":{"start":{"line":35,"column":0},"end":{"line":35,"column":68}},"35":{"start":{"line":36,"column":0},"end":{"line":36,"column":15}},"36":{"start":{"line":37,"column":0},"end":{"line":37,"column":7}},"37":{"start":{"line":38,"column":0},"end":{"line":38,"column":0}},"38":{"start":{"line":39,"column":0},"end":{"line":39,"column":11}},"39":{"start":{"line":40,"column":0},"end":{"line":40,"column":64}},"40":{"start":{"line":41,"column":0},"end":{"line":41,"column":22}},"41":{"start":{"line":42,"column":0},"end":{"line":42,"column":60}},"42":{"start":{"line":43,"column":0},"end":{"line":43,"column":15}},"43":{"start":{"line":44,"column":0},"end":{"line":44,"column":7}},"44":{"start":{"line":45,"column":0},"end":{"line":45,"column":57}},"45":{"start":{"line":46,"column":0},"end":{"line":46,"column":21}},"46":{"start":{"line":47,"column":0},"end":{"line":47,"column":52}},"47":{"start":{"line":48,"column":0},"end":{"line":48,"column":5}},"48":{"start":{"line":49,"column":0},"end":{"line":49,"column":4}},"49":{"start":{"line":50,"column":0},"end":{"line":50,"column":0}},"50":{"start":{"line":51,"column":0},"end":{"line":51,"column":22}},"51":{"start":{"line":52,"column":0},"end":{"line":52,"column":51}},"52":{"start":{"line":53,"column":0},"end":{"line":53,"column":9}},"53":{"start":{"line":54,"column":0},"end":{"line":54,"column":47}},"54":{"start":{"line":55,"column":0},"end":{"line":55,"column":44}},"55":{"start":{"line":56,"column":0},"end":{"line":56,"column":35}},"56":{"start":{"line":57,"column":0},"end":{"line":57,"column":21}},"57":{"start":{"line":58,"column":0},"end":{"line":58,"column":54}},"58":{"start":{"line":59,"column":0},"end":{"line":59,"column":5}},"59":{"start":{"line":60,"column":0},"end":{"line":60,"column":5}},"60":{"start":{"line":61,"column":0},"end":{"line":61,"column":0}},"61":{"start":{"line":62,"column":0},"end":{"line":62,"column":1}}},"s":{"0":1,"1":1,"2":1,"3":1,"4":1,"5":1,"6":1,"7":1,"8":1,"9":0,"10":0,"11":1,"12":1,"13":1,"14":1,"15":1,"16":0,"17":0,"18":0,"19":0,"20":0,"21":0,"22":0,"23":0,"24":0,"25":0,"26":1,"27":1,"28":1,"29":1,"30":1,"31":0,"32":0,"33":0,"34":0,"35":0,"36":0,"37":0,"38":0,"39":0,"40":0,"41":0,"42":0,"43":0,"44":0,"45":0,"46":0,"47":1,"48":1,"49":1,"50":1,"51":1,"52":0,"53":0,"54":0,"55":0,"56":0,"57":0,"58":1,"59":1,"60":1,"61":1},"branchMap":{"0":{"type":"branch","line":2,"loc":{"start":{"line":2,"column":-2},"end":{"line":2,"column":0}},"locations":[{"start":{"line":2,"column":-2},"end":{"line":2,"column":0}}]},"1":{"type":"branch","line":3,"loc":{"start":{"line":3,"column":-2},"end":{"line":3,"column":29}},"locations":[{"start":{"line":3,"column":-2},"end":{"line":3,"column":29}}]},"2":{"type":"branch","line":3,"loc":{"start":{"line":3,"column":28},"end":{"line":62,"column":1}},"locations":[{"start":{"line":3,"column":28},"end":{"line":62,"column":1}}]},"3":{"type":"branch","line":3,"loc":{"start":{"line":3,"column":7},"end":{"line":60,"column":5}},"locations":[{"start":{"line":3,"column":7},"end":{"line":60,"column":5}}]},"4":{"type":"branch","line":3,"loc":{"start":{"line":3,"column":36},"end":{"line":60,"column":5}},"locations":[{"start":{"line":3,"column":36},"end":{"line":60,"column":5}}]},"5":{"type":"branch","line":6,"loc":{"start":{"line":6,"column":17},"end":{"line":13,"column":4}},"locations":[{"start":{"line":6,"column":17},"end":{"line":13,"column":4}}]},"6":{"type":"branch","line":6,"loc":{"start":{"line":6,"column":19},"end":{"line":11,"column":54}},"locations":[{"start":{"line":6,"column":19},"end":{"line":11,"column":54}}]},"7":{"type":"branch","line":6,"loc":{"start":{"line":6,"column":40},"end":{"line":11,"column":54}},"locations":[{"start":{"line":6,"column":40},"end":{"line":11,"column":54}}]},"8":{"type":"branch","line":6,"loc":{"start":{"line":6,"column":40},"end":{"line":11,"column":54}},"locations":[{"start":{"line":6,"column":40},"end":{"line":11,"column":54}}]},"9":{"type":"branch","line":6,"loc":{"start":{"line":6,"column":40},"end":{"line":8,"column":39}},"locations":[{"start":{"line":6,"column":40},"end":{"line":8,"column":39}}]},"10":{"type":"branch","line":8,"loc":{"start":{"line":8,"column":38},"end":{"line":9,"column":35}},"locations":[{"start":{"line":8,"column":38},"end":{"line":9,"column":35}}]},"11":{"type":"branch","line":10,"loc":{"start":{"line":10,"column":-2},"end":{"line":11,"column":54}},"locations":[{"start":{"line":10,"column":-2},"end":{"line":11,"column":54}}]},"12":{"type":"branch","line":13,"loc":{"start":{"line":13,"column":3},"end":{"line":13,"column":4}},"locations":[{"start":{"line":13,"column":3},"end":{"line":13,"column":4}}]},"13":{"type":"branch","line":16,"loc":{"start":{"line":16,"column":18},"end":{"line":28,"column":4}},"locations":[{"start":{"line":16,"column":18},"end":{"line":28,"column":4}}]},"14":{"type":"branch","line":31,"loc":{"start":{"line":31,"column":22},"end":{"line":49,"column":4}},"locations":[{"start":{"line":31,"column":22},"end":{"line":49,"column":4}}]},"15":{"type":"branch","line":52,"loc":{"start":{"line":52,"column":22},"end":{"line":60,"column":4}},"locations":[{"start":{"line":52,"column":22},"end":{"line":60,"column":4}}]}},"b":{"0":[1],"1":[1],"2":[1],"3":[1],"4":[1],"5":[1],"6":[1],"7":[2],"8":[3],"9":[1],"10":[1],"11":[0],"12":[1],"13":[1],"14":[1],"15":[1]},"fnMap":{"0":{"name":"_regeneratorRuntime","decl":{"start":{"line":2,"column":-2},"end":{"line":2,"column":0}},"loc":{"start":{"line":2,"column":-2},"end":{"line":2,"column":0}},"line":2},"1":{"name":"routes","decl":{"start":{"line":3,"column":-2},"end":{"line":3,"column":29}},"loc":{"start":{"line":3,"column":-2},"end":{"line":3,"column":29}},"line":3},"2":{"name":"_routes","decl":{"start":{"line":3,"column":28},"end":{"line":62,"column":1}},"loc":{"start":{"line":3,"column":28},"end":{"line":62,"column":1}},"line":3},"3":{"name":"_callee5","decl":{"start":{"line":3,"column":7},"end":{"line":60,"column":5}},"loc":{"start":{"line":3,"column":7},"end":{"line":60,"column":5}},"line":3},"4":{"name":"_callee5$","decl":{"start":{"line":3,"column":36},"end":{"line":60,"column":5}},"loc":{"start":{"line":3,"column":36},"end":{"line":60,"column":5}},"line":3},"5":{"name":"_callee","decl":{"start":{"line":6,"column":19},"end":{"line":11,"column":54}},"loc":{"start":{"line":6,"column":19},"end":{"line":11,"column":54}},"line":6},"6":{"name":"_callee$","decl":{"start":{"line":6,"column":40},"end":{"line":11,"column":54}},"loc":{"start":{"line":6,"column":40},"end":{"line":11,"column":54}},"line":6},"7":{"name":"_callee2","decl":{"start":{"line":16,"column":20},"end":{"line":26,"column":54}},"loc":{"start":{"line":16,"column":20},"end":{"line":26,"column":54}},"line":16},"8":{"name":"_callee3","decl":{"start":{"line":31,"column":24},"end":{"line":47,"column":52}},"loc":{"start":{"line":31,"column":24},"end":{"line":47,"column":52}},"line":31},"9":{"name":"_callee4","decl":{"start":{"line":52,"column":24},"end":{"line":58,"column":54}},"loc":{"start":{"line":52,"column":24},"end":{"line":58,"column":54}},"line":52}},"f":{"0":1,"1":1,"2":1,"3":1,"4":1,"5":1,"6":2,"7":0,"8":0,"9":0}}
}
