TN:
SF:habits.helper.js
FN:2,_regeneratorRuntime
FN:2,o
FN:2,define
FN:2,define
FN:2,wrap
FN:2,tryCatch
FN:2,Generator
FN:2,GeneratorFunction
FN:2,GeneratorFunctionPrototype
FN:2,defineIteratorMethods
FN:2,AsyncIterator
FN:2,makeInvokeMethod
FN:2,maybeInvokeDelegate
FN:2,pushTryEntry
FN:2,resetTryEntry
FN:2,Context
FN:2,values
FN:2,next
FN:2,e.isGeneratorFunction
FN:2,e.mark
FN:2,e.awrap
FN:2,e.async
FN:2,e.keys
FN:2,reset
FN:2,stop
FN:2,dispatchException
FN:2,abrupt
FN:2,complete
FN:2,finish
FN:2,_catch
FN:2,delegateYield
FN:2,asyncGeneratorStep
FN:2,_asyncToGenerator
FN:2,_next
FN:2,_throw
FN:12,_callee
FN:12,_callee$
FN:24,_callee2
FN:24,_callee2$
FN:38,_callee3
FN:59,_callee4
FN:86,_callee5
FNF:42
FNH:21
FNDA:6,_regeneratorRuntime
FNDA:0,o
FNDA:13,define
FNDA:0,define
FNDA:2,wrap
FNDA:6,tryCatch
FNDA:0,Generator
FNDA:0,GeneratorFunction
FNDA:0,GeneratorFunctionPrototype
FNDA:2,defineIteratorMethods
FNDA:0,AsyncIterator
FNDA:2,makeInvokeMethod
FNDA:0,maybeInvokeDelegate
FNDA:0,pushTryEntry
FNDA:2,resetTryEntry
FNDA:2,Context
FNDA:1,values
FNDA:0,next
FNDA:0,e.isGeneratorFunction
FNDA:5,e.mark
FNDA:0,e.awrap
FNDA:0,e.async
FNDA:0,e.keys
FNDA:2,reset
FNDA:2,stop
FNDA:0,dispatchException
FNDA:4,abrupt
FNDA:4,complete
FNDA:0,finish
FNDA:0,_catch
FNDA:0,delegateYield
FNDA:4,asyncGeneratorStep
FNDA:5,_asyncToGenerator
FNDA:4,_next
FNDA:0,_throw
FNDA:1,_callee
FNDA:3,_callee$
FNDA:1,_callee2
FNDA:3,_callee2$
FNDA:0,_callee3
FNDA:0,_callee4
FNDA:0,_callee5
DA:1,1
DA:2,0
DA:3,1
DA:4,1
DA:5,1
DA:6,1
DA:7,1
DA:8,1
DA:9,1
DA:10,1
DA:11,1
DA:12,1
DA:13,1
DA:14,1
DA:15,1
DA:16,1
DA:17,1
DA:18,1
DA:19,1
DA:20,1
DA:21,1
DA:22,1
DA:23,1
DA:24,1
DA:25,1
DA:26,1
DA:27,1
DA:28,1
DA:29,1
DA:30,1
DA:31,1
DA:32,1
DA:33,1
DA:34,1
DA:35,1
DA:36,1
DA:37,1
DA:38,1
DA:39,0
DA:40,0
DA:41,0
DA:42,0
DA:43,0
DA:44,0
DA:45,0
DA:46,0
DA:47,0
DA:48,0
DA:49,1
DA:50,1
DA:51,1
DA:52,1
DA:53,1
DA:54,1
DA:55,1
DA:56,1
DA:57,1
DA:58,1
DA:59,1
DA:60,0
DA:61,0
DA:62,0
DA:63,0
DA:64,0
DA:65,0
DA:66,0
DA:67,0
DA:68,0
DA:69,0
DA:70,0
DA:71,0
DA:72,0
DA:73,0
DA:74,0
DA:75,0
DA:76,1
DA:77,1
DA:78,1
DA:79,1
DA:80,1
DA:81,1
DA:82,1
DA:83,1
DA:84,1
DA:85,1
DA:86,1
DA:87,0
DA:88,0
DA:89,0
DA:90,0
DA:91,0
DA:92,0
DA:93,0
DA:94,0
DA:95,0
DA:96,0
DA:97,0
DA:98,0
DA:99,0
DA:100,1
LF:100
LH:60
BRDA:2,0,0,0
BRDA:2,1,0,0
BRDA:2,2,0,0
BRDA:2,3,0,0
BRDA:2,4,0,0
BRDA:2,5,0,0
BRDA:2,6,0,6
BRDA:2,7,0,13
BRDA:2,8,0,2
BRDA:2,9,0,0
BRDA:2,10,0,6
BRDA:2,11,0,0
BRDA:2,12,0,2
BRDA:2,13,0,6
BRDA:2,14,0,4
BRDA:2,15,0,2
BRDA:2,16,0,4
BRDA:2,17,0,0
BRDA:2,18,0,0
BRDA:2,19,0,6
BRDA:2,20,0,0
BRDA:2,21,0,4
BRDA:2,22,0,2
BRDA:2,23,0,0
BRDA:2,24,0,2
BRDA:2,25,0,4
BRDA:2,26,0,2
BRDA:2,27,0,4
BRDA:2,28,0,0
BRDA:2,29,0,2
BRDA:2,30,0,2
BRDA:2,31,0,1
BRDA:2,32,0,0
BRDA:2,33,0,0
BRDA:2,34,0,0
BRDA:2,35,0,5
BRDA:2,36,0,0
BRDA:2,37,0,2
BRDA:2,38,0,0
BRDA:2,39,0,2
BRDA:2,40,0,0
BRDA:2,41,0,4
BRDA:2,42,0,0
BRDA:2,43,0,0
BRDA:2,44,0,0
BRDA:2,45,0,0
BRDA:2,46,0,0
BRDA:2,47,0,0
BRDA:2,48,0,0
BRDA:2,49,0,0
BRDA:2,50,0,0
BRDA:2,51,0,4
BRDA:2,52,0,0
BRDA:2,53,0,0
BRDA:2,54,0,0
BRDA:2,55,0,4
BRDA:2,56,0,0
BRDA:2,57,0,2
BRDA:2,58,0,5
BRDA:2,59,0,2
BRDA:2,60,0,2
BRDA:2,61,0,4
BRDA:12,62,0,1
BRDA:12,63,0,1
BRDA:12,64,0,3
BRDA:12,65,0,1
BRDA:13,66,0,1
BRDA:15,67,0,0
BRDA:15,68,0,1
BRDA:24,69,0,1
BRDA:24,70,0,1
BRDA:24,71,0,3
BRDA:24,72,0,1
BRDA:25,73,0,1
BRDA:26,74,0,0
BRDA:26,75,0,1
BRDA:38,76,0,1
BRDA:59,77,0,1
BRDA:86,78,0,1
BRF:79
BRH:45
end_of_record
TN:
SF:index.js
FN:2,asyncGeneratorStep
FN:2,_asyncToGenerator
FN:21,_callee
FNF:3
FNH:1
FNDA:0,asyncGeneratorStep
FNDA:1,_asyncToGenerator
FNDA:0,_callee
DA:1,1
DA:2,0
DA:3,1
DA:4,1
DA:5,1
DA:6,1
DA:7,1
DA:8,1
DA:9,1
DA:10,1
DA:11,1
DA:12,1
DA:13,1
DA:14,1
DA:15,1
DA:16,1
DA:17,1
DA:18,1
DA:19,1
DA:20,1
DA:21,1
DA:22,0
DA:23,0
DA:24,0
DA:25,0
DA:26,0
DA:27,1
DA:28,1
DA:29,1
DA:30,1
LF:30
LH:24
BRDA:2,0,0,1
BRDA:21,1,0,1
BRF:2
BRH:2
end_of_record
TN:
SF:routes\routes.js
FN:2,_regeneratorRuntime
FN:3,routes
FN:3,_routes
FN:3,_callee5
FN:3,_callee5$
FN:6,_callee
FN:6,_callee$
FN:16,_callee2
FN:31,_callee3
FN:52,_callee4
FNF:10
FNH:7
FNDA:1,_regeneratorRuntime
FNDA:1,routes
FNDA:1,_routes
FNDA:1,_callee5
FNDA:1,_callee5$
FNDA:1,_callee
FNDA:2,_callee$
FNDA:0,_callee2
FNDA:0,_callee3
FNDA:0,_callee4
DA:1,1
DA:2,1
DA:3,1
DA:4,1
DA:5,1
DA:6,1
DA:7,1
DA:8,1
DA:9,1
DA:10,0
DA:11,0
DA:12,1
DA:13,1
DA:14,1
DA:15,1
DA:16,1
DA:17,0
DA:18,0
DA:19,0
DA:20,0
DA:21,0
DA:22,0
DA:23,0
DA:24,0
DA:25,0
DA:26,0
DA:27,1
DA:28,1
DA:29,1
DA:30,1
DA:31,1
DA:32,0
DA:33,0
DA:34,0
DA:35,0
DA:36,0
DA:37,0
DA:38,0
DA:39,0
DA:40,0
DA:41,0
DA:42,0
DA:43,0
DA:44,0
DA:45,0
DA:46,0
DA:47,0
DA:48,1
DA:49,1
DA:50,1
DA:51,1
DA:52,1
DA:53,0
DA:54,0
DA:55,0
DA:56,0
DA:57,0
DA:58,0
DA:59,1
DA:60,1
DA:61,1
DA:62,1
LF:62
LH:28
BRDA:2,0,0,1
BRDA:3,1,0,1
BRDA:3,2,0,1
BRDA:3,3,0,1
BRDA:3,4,0,1
BRDA:6,5,0,1
BRDA:6,6,0,1
BRDA:6,7,0,2
BRDA:6,8,0,3
BRDA:6,9,0,1
BRDA:8,10,0,1
BRDA:10,11,0,0
BRDA:13,12,0,1
BRDA:16,13,0,1
BRDA:31,14,0,1
BRDA:52,15,0,1
BRF:16
BRH:15
end_of_record
